{"level":"info","message":"GET /ping","timestamp":"2026-01-16T06:44:25.814Z"}
{"level":"info","message":"GET /ping 200 4 - 15.428 ms","timestamp":"2026-01-16T06:44:25.835Z"}
{"level":"info","message":"GET /ping","timestamp":"2026-01-16T07:09:54.476Z"}
{"level":"info","message":"GET /ping 200 4 - 6.819 ms","timestamp":"2026-01-16T07:09:54.485Z"}
{"level":"info","message":"POST /api/upload","timestamp":"2026-01-16T07:11:05.217Z"}
{"isOperational":true,"level":"error","message":"Invalid input: expected object, received undefined","stack":"Error: Invalid input: expected object, received undefined\n    at /app/src/validators/validator.ts:13:14\n    at Layer.handleRequest (/app/node_modules/router/lib/layer.js:152:17)\n    at next (/app/node_modules/router/lib/route.js:157:13)\n    at Route.dispatch (/app/node_modules/router/lib/route.js:117:3)\n    at handle (/app/node_modules/router/index.js:435:11)\n    at Layer.handleRequest (/app/node_modules/router/lib/layer.js:152:17)\n    at /app/node_modules/router/index.js:295:15\n    at processParams (/app/node_modules/router/index.js:582:12)\n    at next (/app/node_modules/router/index.js:291:5)\n    at Function.handle (/app/node_modules/router/index.js:186:3)","statusCode":400,"timestamp":"2026-01-16T07:11:05.221Z"}
{"level":"error","message":"Invalid input: expected object, received undefined","method":"POST","path":"/api/upload","stack":"Error: Invalid input: expected object, received undefined\n    at /app/src/validators/validator.ts:13:14\n    at Layer.handleRequest (/app/node_modules/router/lib/layer.js:152:17)\n    at next (/app/node_modules/router/lib/route.js:157:13)\n    at Route.dispatch (/app/node_modules/router/lib/route.js:117:3)\n    at handle (/app/node_modules/router/index.js:435:11)\n    at Layer.handleRequest (/app/node_modules/router/lib/layer.js:152:17)\n    at /app/node_modules/router/index.js:295:15\n    at processParams (/app/node_modules/router/index.js:582:12)\n    at next (/app/node_modules/router/index.js:291:5)\n    at Function.handle (/app/node_modules/router/index.js:186:3)","statusCode":400,"timestamp":"2026-01-16T07:11:05.229Z"}
{"level":"info","message":"POST /api/upload 400 80 - 12.538 ms","timestamp":"2026-01-16T07:11:05.230Z"}
{"level":"info","message":"POST /api/upload","timestamp":"2026-01-16T07:12:51.602Z"}
{"isOperational":true,"level":"error","message":"Invalid input: expected object, received undefined","stack":"Error: Invalid input: expected object, received undefined\n    at C:\\Users\\prarthanab\\Documents\\Assignment\\DAM-platform\\backend\\src\\validators\\validator.ts:13:14\n    at Layer.handleRequest (C:\\Users\\prarthanab\\Documents\\Assignment\\DAM-platform\\backend\\node_modules\\router\\lib\\layer.js:152:17)\n    at next (C:\\Users\\prarthanab\\Documents\\Assignment\\DAM-platform\\backend\\node_modules\\router\\lib\\route.js:157:13)\n    at Route.dispatch (C:\\Users\\prarthanab\\Documents\\Assignment\\DAM-platform\\backend\\node_modules\\router\\lib\\route.js:117:3)\n    at handle (C:\\Users\\prarthanab\\Documents\\Assignment\\DAM-platform\\backend\\node_modules\\router\\index.js:435:11)\n    at Layer.handleRequest (C:\\Users\\prarthanab\\Documents\\Assignment\\DAM-platform\\backend\\node_modules\\router\\lib\\layer.js:152:17)\n    at C:\\Users\\prarthanab\\Documents\\Assignment\\DAM-platform\\backend\\node_modules\\router\\index.js:295:15\n    at processParams (C:\\Users\\prarthanab\\Documents\\Assignment\\DAM-platform\\backend\\node_modules\\router\\index.js:582:12)\n    at next (C:\\Users\\prarthanab\\Documents\\Assignment\\DAM-platform\\backend\\node_modules\\router\\index.js:291:5)\n    at Function.handle (C:\\Users\\prarthanab\\Documents\\Assignment\\DAM-platform\\backend\\node_modules\\router\\index.js:186:3)","statusCode":400,"timestamp":"2026-01-16T07:12:51.609Z"}
{"level":"error","message":"Invalid input: expected object, received undefined","method":"POST","path":"/api/upload","stack":"Error: Invalid input: expected object, received undefined\n    at C:\\Users\\prarthanab\\Documents\\Assignment\\DAM-platform\\backend\\src\\validators\\validator.ts:13:14\n    at Layer.handleRequest (C:\\Users\\prarthanab\\Documents\\Assignment\\DAM-platform\\backend\\node_modules\\router\\lib\\layer.js:152:17)\n    at next (C:\\Users\\prarthanab\\Documents\\Assignment\\DAM-platform\\backend\\node_modules\\router\\lib\\route.js:157:13)\n    at Route.dispatch (C:\\Users\\prarthanab\\Documents\\Assignment\\DAM-platform\\backend\\node_modules\\router\\lib\\route.js:117:3)\n    at handle (C:\\Users\\prarthanab\\Documents\\Assignment\\DAM-platform\\backend\\node_modules\\router\\index.js:435:11)\n    at Layer.handleRequest (C:\\Users\\prarthanab\\Documents\\Assignment\\DAM-platform\\backend\\node_modules\\router\\lib\\layer.js:152:17)\n    at C:\\Users\\prarthanab\\Documents\\Assignment\\DAM-platform\\backend\\node_modules\\router\\index.js:295:15\n    at processParams (C:\\Users\\prarthanab\\Documents\\Assignment\\DAM-platform\\backend\\node_modules\\router\\index.js:582:12)\n    at next (C:\\Users\\prarthanab\\Documents\\Assignment\\DAM-platform\\backend\\node_modules\\router\\index.js:291:5)\n    at Function.handle (C:\\Users\\prarthanab\\Documents\\Assignment\\DAM-platform\\backend\\node_modules\\router\\index.js:186:3)","statusCode":400,"timestamp":"2026-01-16T07:12:51.621Z"}
{"level":"info","message":"POST /api/upload 400 80 - 21.922 ms","timestamp":"2026-01-16T07:12:51.627Z"}
{"level":"info","message":"POST /api/upload","timestamp":"2026-01-16T07:15:12.956Z"}
{"isOperational":true,"level":"error","message":"Invalid input: expected object, received undefined","stack":"Error: Invalid input: expected object, received undefined\n    at C:\\Users\\prarthanab\\Documents\\Assignment\\DAM-platform\\backend\\src\\validators\\validator.ts:13:14\n    at Layer.handleRequest (C:\\Users\\prarthanab\\Documents\\Assignment\\DAM-platform\\backend\\node_modules\\router\\lib\\layer.js:152:17)\n    at next (C:\\Users\\prarthanab\\Documents\\Assignment\\DAM-platform\\backend\\node_modules\\router\\lib\\route.js:157:13)\n    at Route.dispatch (C:\\Users\\prarthanab\\Documents\\Assignment\\DAM-platform\\backend\\node_modules\\router\\lib\\route.js:117:3)\n    at handle (C:\\Users\\prarthanab\\Documents\\Assignment\\DAM-platform\\backend\\node_modules\\router\\index.js:435:11)\n    at Layer.handleRequest (C:\\Users\\prarthanab\\Documents\\Assignment\\DAM-platform\\backend\\node_modules\\router\\lib\\layer.js:152:17)\n    at C:\\Users\\prarthanab\\Documents\\Assignment\\DAM-platform\\backend\\node_modules\\router\\index.js:295:15\n    at processParams (C:\\Users\\prarthanab\\Documents\\Assignment\\DAM-platform\\backend\\node_modules\\router\\index.js:582:12)\n    at next (C:\\Users\\prarthanab\\Documents\\Assignment\\DAM-platform\\backend\\node_modules\\router\\index.js:291:5)\n    at Function.handle (C:\\Users\\prarthanab\\Documents\\Assignment\\DAM-platform\\backend\\node_modules\\router\\index.js:186:3)","statusCode":400,"timestamp":"2026-01-16T07:15:12.960Z"}
{"level":"error","message":"Invalid input: expected object, received undefined","method":"POST","path":"/api/upload","stack":"Error: Invalid input: expected object, received undefined\n    at C:\\Users\\prarthanab\\Documents\\Assignment\\DAM-platform\\backend\\src\\validators\\validator.ts:13:14\n    at Layer.handleRequest (C:\\Users\\prarthanab\\Documents\\Assignment\\DAM-platform\\backend\\node_modules\\router\\lib\\layer.js:152:17)\n    at next (C:\\Users\\prarthanab\\Documents\\Assignment\\DAM-platform\\backend\\node_modules\\router\\lib\\route.js:157:13)\n    at Route.dispatch (C:\\Users\\prarthanab\\Documents\\Assignment\\DAM-platform\\backend\\node_modules\\router\\lib\\route.js:117:3)\n    at handle (C:\\Users\\prarthanab\\Documents\\Assignment\\DAM-platform\\backend\\node_modules\\router\\index.js:435:11)\n    at Layer.handleRequest (C:\\Users\\prarthanab\\Documents\\Assignment\\DAM-platform\\backend\\node_modules\\router\\lib\\layer.js:152:17)\n    at C:\\Users\\prarthanab\\Documents\\Assignment\\DAM-platform\\backend\\node_modules\\router\\index.js:295:15\n    at processParams (C:\\Users\\prarthanab\\Documents\\Assignment\\DAM-platform\\backend\\node_modules\\router\\index.js:582:12)\n    at next (C:\\Users\\prarthanab\\Documents\\Assignment\\DAM-platform\\backend\\node_modules\\router\\index.js:291:5)\n    at Function.handle (C:\\Users\\prarthanab\\Documents\\Assignment\\DAM-platform\\backend\\node_modules\\router\\index.js:186:3)","statusCode":400,"timestamp":"2026-01-16T07:15:12.966Z"}
{"level":"info","message":"POST /api/upload 400 80 - 13.685 ms","timestamp":"2026-01-16T07:15:12.972Z"}
{"level":"info","message":"POST /api/upload","timestamp":"2026-01-16T07:15:38.531Z"}
{"level":"info","message":"POST /api/upload 400 28 - 10.277 ms","timestamp":"2026-01-16T07:15:38.546Z"}
{"level":"info","message":"POST /api/upload","timestamp":"2026-01-16T07:17:07.038Z"}
{"level":"info","message":"POST /api/upload 400 28 - 12.088 ms","timestamp":"2026-01-16T07:17:07.056Z"}
{"level":"info","message":"POST /api/upload","timestamp":"2026-01-16T07:30:13.040Z"}
{"level":"info","message":"POST /api/upload 400 28 - 19.391 ms","timestamp":"2026-01-16T07:30:13.060Z"}
{"level":"info","message":"POST /api/upload","timestamp":"2026-01-16T07:36:48.627Z"}
{"level":"info","message":"POST /api/upload 400 28 - 5.366 ms","timestamp":"2026-01-16T07:36:48.634Z"}
{"level":"info","message":"POST /api/upload","timestamp":"2026-01-16T07:36:49.741Z"}
{"level":"info","message":"POST /api/upload 400 28 - 2.219 ms","timestamp":"2026-01-16T07:36:49.744Z"}
{"level":"info","message":"POST /api/upload","timestamp":"2026-01-16T07:45:37.955Z"}
{"level":"info","message":"POST /api/upload 400 28 - 16.986 ms","timestamp":"2026-01-16T07:45:37.974Z"}
{"level":"info","message":"POST /api/upload","timestamp":"2026-01-16T07:46:16.204Z"}
{"level":"info","message":"POST /api/upload","timestamp":"2026-01-16T09:12:22.164Z"}
{"isOperational":true,"level":"error","message":"Invalid input: expected string, received undefined","stack":"Error: Invalid input: expected string, received undefined\n    at C:\\Users\\prarthanab\\Documents\\Assignment\\DAM-platform\\backend\\src\\validators\\validator.ts:13:14\n    at Layer.handleRequest (C:\\Users\\prarthanab\\Documents\\Assignment\\DAM-platform\\backend\\node_modules\\router\\lib\\layer.js:152:17)\n    at next (C:\\Users\\prarthanab\\Documents\\Assignment\\DAM-platform\\backend\\node_modules\\router\\lib\\route.js:157:13)\n    at done (C:\\Users\\prarthanab\\Documents\\Assignment\\DAM-platform\\backend\\node_modules\\multer\\lib\\make-middleware.js:59:7)\n    at indicateDone (C:\\Users\\prarthanab\\Documents\\Assignment\\DAM-platform\\backend\\node_modules\\multer\\lib\\make-middleware.js:63:68)\n    at Multipart.<anonymous> (C:\\Users\\prarthanab\\Documents\\Assignment\\DAM-platform\\backend\\node_modules\\multer\\lib\\make-middleware.js:187:7)\n    at Multipart.emit (node:events:518:28)\n    at Multipart.emit (node:domain:489:12)\n    at emitCloseNT (node:internal/streams/destroy:148:10)\n    at processTicksAndRejections (node:internal/process/task_queues:89:21)","statusCode":400,"timestamp":"2026-01-16T09:12:22.182Z"}
{"level":"error","message":"Invalid input: expected string, received undefined","method":"POST","path":"/api/upload","stack":"Error: Invalid input: expected string, received undefined\n    at C:\\Users\\prarthanab\\Documents\\Assignment\\DAM-platform\\backend\\src\\validators\\validator.ts:13:14\n    at Layer.handleRequest (C:\\Users\\prarthanab\\Documents\\Assignment\\DAM-platform\\backend\\node_modules\\router\\lib\\layer.js:152:17)\n    at next (C:\\Users\\prarthanab\\Documents\\Assignment\\DAM-platform\\backend\\node_modules\\router\\lib\\route.js:157:13)\n    at done (C:\\Users\\prarthanab\\Documents\\Assignment\\DAM-platform\\backend\\node_modules\\multer\\lib\\make-middleware.js:59:7)\n    at indicateDone (C:\\Users\\prarthanab\\Documents\\Assignment\\DAM-platform\\backend\\node_modules\\multer\\lib\\make-middleware.js:63:68)\n    at Multipart.<anonymous> (C:\\Users\\prarthanab\\Documents\\Assignment\\DAM-platform\\backend\\node_modules\\multer\\lib\\make-middleware.js:187:7)\n    at Multipart.emit (node:events:518:28)\n    at Multipart.emit (node:domain:489:12)\n    at emitCloseNT (node:internal/streams/destroy:148:10)\n    at processTicksAndRejections (node:internal/process/task_queues:89:21)","statusCode":400,"timestamp":"2026-01-16T09:12:22.207Z"}
{"level":"info","message":"POST /api/upload 400 80 - 45.995 ms","timestamp":"2026-01-16T09:12:22.213Z"}
{"level":"info","message":"POST /api/upload","timestamp":"2026-01-16T09:17:45.291Z"}
{"level":"info","message":"POST /api/upload 201 56 - 16.219 ms","timestamp":"2026-01-16T09:17:45.310Z"}
{"level":"info","message":"POST /api/upload","timestamp":"2026-01-16T09:18:06.103Z"}
{"level":"info","message":"POST /api/upload 201 56 - 3.005 ms","timestamp":"2026-01-16T09:18:06.107Z"}
{"level":"info","message":"Uploading file","timestamp":"2026-01-27T14:44:08.223Z"}
{"level":"info","message":"Uploading file","timestamp":"2026-01-27T14:44:08.228Z"}
{"level":"info","message":"Uploading file","timestamp":"2026-01-27T14:45:23.210Z"}
{"level":"info","message":"Uploading file","timestamp":"2026-01-27T14:45:23.214Z"}
{"level":"info","message":"Uploading file","timestamp":"2026-01-27T14:46:19.716Z"}
{"level":"info","message":"Uploading file","timestamp":"2026-01-27T14:46:19.720Z"}
{"level":"info","message":"Uploading file","timestamp":"2026-01-27T15:39:59.008Z"}
{"level":"info","message":"Uploading file","timestamp":"2026-01-27T15:39:59.019Z"}
{"level":"info","message":"Uploading file","timestamp":"2026-01-27T15:42:02.602Z"}
{"level":"info","message":"Uploading file","timestamp":"2026-01-27T15:42:02.606Z"}
{"level":"info","message":"Uploading file","timestamp":"2026-01-27T15:44:16.369Z"}
{"level":"info","message":"Uploading file","timestamp":"2026-01-27T15:44:16.386Z"}
{"level":"info","message":"Uploading file","timestamp":"2026-01-27T15:45:08.970Z"}
{"level":"info","message":"Uploading file","timestamp":"2026-01-27T15:45:09.014Z"}
{"level":"info","message":"Uploading file","timestamp":"2026-01-27T15:46:03.238Z"}
{"level":"info","message":"Uploading file","timestamp":"2026-01-27T15:46:03.248Z"}
{"level":"info","message":"Uploading file","timestamp":"2026-01-27T15:48:57.825Z"}
{"level":"info","message":"Uploading file","timestamp":"2026-01-27T15:48:57.835Z"}
{"level":"info","message":"Uploading file","timestamp":"2026-01-27T15:50:49.333Z"}
{"level":"info","message":"Uploading file","timestamp":"2026-01-27T15:50:49.347Z"}
